<?xml version="1.0" encoding="UTF-8"?>
<!-- Generated by org.testng.reporters.JUnitXMLReporter -->
<testsuite hostname="KARKHAN-LAP" name="Free CRM App Test Cases" tests="12" failures="0" timestamp="9 Dec 2017 08:32:25 GMT" time="148.75" errors="0">
  <testcase name="loginPageTitleTest" time="0.045" classname="com.oracle.qa.crm.testcases.LoginPageTest"/>
  <testcase name="crmLogoImageTest" time="0.096" classname="com.oracle.qa.crm.testcases.LoginPageTest"/>
  <testcase name="loginTest" time="3.935" classname="com.oracle.qa.crm.testcases.LoginPageTest"/>
  <testcase name="verifyHomePageTitleTest" time="0.009" classname="com.oracle.qa.crm.testcases.HomePageTest"/>
  <testcase name="verifyUserNameTest" time="0.414" classname="com.oracle.qa.crm.testcases.HomePageTest"/>
  <testcase name="verifyContactsLinkTest" time="1.497" classname="com.oracle.qa.crm.testcases.HomePageTest"/>
  <testcase name="verifyContactsPageLabel" time="0.072" classname="com.oracle.qa.crm.testcases.ContactsPageTest"/>
  <testcase name="selectSingleContactsTest" time="0.424" classname="com.oracle.qa.crm.testcases.ContactsPageTest"/>
  <testcase name="selectMultipleContactsTest" time="0.73" classname="com.oracle.qa.crm.testcases.ContactsPageTest"/>
  <testcase name="validateCreateNewContact" time="4.548" classname="com.oracle.qa.crm.testcases.ContactsPageTest"/>
  <testcase name="validateCreateNewContact" time="4.39" classname="com.oracle.qa.crm.testcases.ContactsPageTest"/>
  <testcase name="validateCreateNewContact" time="4.363" classname="com.oracle.qa.crm.testcases.ContactsPageTest"/>
</testsuite> <!-- Free CRM App Test Cases -->
