<?xml version="1.0" encoding="UTF-8"?>
<!-- Generated by org.testng.reporters.JUnitXMLReporter -->
<testsuite hostname="KARKHAN-LAP" name="Command line test" tests="12" failures="0" timestamp="9 Dec 2017 12:55:26 GMT" time="155.063" errors="0">
  <testcase name="verifyContactsPageLabel" time="0.068" classname="com.oracle.qa.crm.testcases.ContactsPageTest"/>
  <testcase name="verifyHomePageTitleTest" time="0.01" classname="com.oracle.qa.crm.testcases.HomePageTest"/>
  <testcase name="loginPageTitleTest" time="0.012" classname="com.oracle.qa.crm.testcases.LoginPageTest"/>
  <testcase name="selectSingleContactsTest" time="0.467" classname="com.oracle.qa.crm.testcases.ContactsPageTest"/>
  <testcase name="verifyUserNameTest" time="0.118" classname="com.oracle.qa.crm.testcases.HomePageTest"/>
  <testcase name="crmLogoImageTest" time="0.07" classname="com.oracle.qa.crm.testcases.LoginPageTest"/>
  <testcase name="selectMultipleContactsTest" time="0.663" classname="com.oracle.qa.crm.testcases.ContactsPageTest"/>
  <testcase name="verifyContactsLinkTest" time="1.447" classname="com.oracle.qa.crm.testcases.HomePageTest"/>
  <testcase name="loginTest" time="4.054" classname="com.oracle.qa.crm.testcases.LoginPageTest"/>
  <testcase name="validateCreateNewContact" time="4.549" classname="com.oracle.qa.crm.testcases.ContactsPageTest"/>
  <testcase name="validateCreateNewContact" time="4.121" classname="com.oracle.qa.crm.testcases.ContactsPageTest"/>
  <testcase name="validateCreateNewContact" time="3.825" classname="com.oracle.qa.crm.testcases.ContactsPageTest"/>
</testsuite> <!-- Command line test -->
