<?xml version="1.0" encoding="UTF-8"?>
<testng-results skipped="0" failed="0" total="1" passed="1">
  <reporter-output>
  </reporter-output>
  <suite name="Default suite" duration-ms="13840" started-at="2017-12-09T11:26:11Z" finished-at="2017-12-09T11:26:25Z">
    <groups>
    </groups>
    <test name="Default test" duration-ms="13840" started-at="2017-12-09T11:26:11Z" finished-at="2017-12-09T11:26:25Z">
      <class name="com.oracle.qa.crm.testcases.ContactsPageTest">
        <test-method status="PASS" signature="setUp()[pri:0, instance:com.oracle.qa.crm.testcases.ContactsPageTest@28d25987]" name="setUp" is-config="true" duration-ms="12956" started-at="2017-12-09T16:56:11Z" finished-at="2017-12-09T16:56:24Z">
          <reporter-output>
          </reporter-output>
        </test-method> <!-- setUp -->
        <test-method status="PASS" signature="verifyContactsPageLabel()[pri:0, instance:com.oracle.qa.crm.testcases.ContactsPageTest@28d25987]" name="verifyContactsPageLabel" duration-ms="74" started-at="2017-12-09T16:56:24Z" finished-at="2017-12-09T16:56:24Z">
          <reporter-output>
          </reporter-output>
        </test-method> <!-- verifyContactsPageLabel -->
        <test-method status="PASS" signature="tearDown()[pri:0, instance:com.oracle.qa.crm.testcases.ContactsPageTest@28d25987]" name="tearDown" is-config="true" duration-ms="791" started-at="2017-12-09T16:56:24Z" finished-at="2017-12-09T16:56:25Z">
          <reporter-output>
          </reporter-output>
        </test-method> <!-- tearDown -->
      </class> <!-- com.oracle.qa.crm.testcases.ContactsPageTest -->
    </test> <!-- Default test -->
  </suite> <!-- Default suite -->
</testng-results>
